[2019-03-06 15:33:20] judge.INFO: 获取用户代码信息,id=2613 [] []
[2019-03-06 15:33:20] judge.INFO: 获取题目,id=279 [] []
[2019-03-06 15:33:20] judge.INFO: 获取用户代码,id=2613 [] []
[2019-03-06 15:33:21] judge.INFO: 评测机更新结果,id=2613 [] []
[2019-03-06 15:33:21] judge.INFO: 更新用户代码,id=2613 [] []
[2019-03-06 15:33:21] judge.INFO: 获取测试数据组数,id=279 [] []
[2019-03-06 15:33:21] judge.INFO: 获取待评测队列 [] []
[2019-03-06 15:33:22] judge.INFO: 更新状态成功 [] []
[2019-03-06 15:33:22] judge.INFO: 获取用户代码信息,id=2613 [] []
[2019-03-06 15:33:22] judge.INFO: 获取题目,id=279 [] []
[2019-03-06 15:33:22] judge.INFO: 获取用户代码,id=2613 [] []
[2019-03-06 15:33:23] judge.INFO: 评测机更新结果,id=2613 [] []
[2019-03-06 15:33:23] judge.INFO: 更新用户代码,id=2613 [] []
[2019-03-06 15:33:23] judge.INFO: 获取测试数据组数,id=279 [] []
[2019-03-06 15:33:24] judge.INFO: 获取待评测队列 [] []
[2019-03-06 15:33:24] judge.INFO: 更新状态成功 [] []
[2019-03-06 15:33:24] judge.INFO: 获取用户代码信息,id=2613 [] []
[2019-03-06 15:33:24] judge.INFO: 获取题目,id=279 [] []
[2019-03-06 15:33:24] judge.INFO: 获取用户代码,id=2613 [] []
[2019-03-06 15:33:25] judge.INFO: 评测机更新结果,id=2613 [] []
[2019-03-06 15:33:25] judge.INFO: 更新用户代码,id=2613 [] []
[2019-03-06 15:33:26] judge.INFO: 获取测试数据组数,id=279 [] []
[2019-03-06 15:33:26] judge.INFO: 获取待评测队列 [] []
[2019-03-06 15:33:26] judge.INFO: 更新状态成功 [] []
[2019-03-06 15:33:27] judge.INFO: 获取用户代码信息,id=2613 [] []
[2019-03-06 15:33:27] judge.INFO: 获取题目,id=279 [] []
[2019-03-06 15:33:27] judge.INFO: 获取用户代码,id=2613 [] []
[2019-03-06 15:33:28] judge.INFO: 评测机更新结果,id=2613 [] []
[2019-03-06 15:33:28] judge.INFO: 更新用户代码,id=2613 [] []
[2019-03-06 15:33:28] judge.INFO: 获取测试数据组数,id=279 [] []
[2019-03-06 15:33:28] judge.INFO: 获取待评测队列 [] []
[2019-03-06 15:33:28] judge.INFO: 更新状态成功 [] []
[2019-03-06 15:33:29] judge.INFO: 获取用户代码信息,id=2613 [] []
[2019-03-06 15:33:29] judge.INFO: 获取题目,id=279 [] []
[2019-03-06 15:33:29] judge.INFO: 获取用户代码,id=2613 [] []
[2019-03-06 15:33:30] judge.INFO: 评测机更新结果,id=2613 [] []
[2019-03-06 15:33:30] judge.INFO: 更新用户代码,id=2613 [] []
[2019-03-06 15:33:30] judge.INFO: 获取测试数据组数,id=279 [] []
[2019-03-06 15:33:30] judge.INFO: 获取待评测队列 [] []
[2019-03-06 15:33:31] judge.INFO: 更新状态成功 [] []
[2019-03-06 15:33:31] judge.INFO: 获取用户代码信息,id=2613 [] []
[2019-03-06 15:33:31] judge.INFO: 获取题目,id=279 [] []
[2019-03-06 15:33:31] judge.INFO: 获取用户代码,id=2613 [] []
[2019-03-06 15:33:32] judge.INFO: 评测机更新结果,id=2613 [] []
[2019-03-06 15:33:32] judge.INFO: 更新用户代码,id=2613 [] []
[2019-03-06 15:33:32] judge.INFO: 获取测试数据组数,id=279 [] []
[2019-03-06 15:33:33] judge.INFO: 获取待评测队列 [] []
[2019-03-06 15:33:33] judge.INFO: 更新状态成功 [] []
[2019-03-06 15:33:33] judge.INFO: 获取用户代码信息,id=2613 [] []
[2019-03-06 15:33:33] judge.INFO: 获取题目,id=279 [] []
[2019-03-06 15:33:33] judge.INFO: 获取用户代码,id=2613 [] []
[2019-03-06 15:33:34] judge.INFO: 评测机更新结果,id=2613 [] []
[2019-03-06 15:33:34] judge.INFO: 更新用户代码,id=2613 [] []
[2019-03-06 15:33:35] judge.INFO: 获取测试数据组数,id=279 [] []
[2019-03-06 15:33:35] judge.INFO: 获取待评测队列 [] []
[2019-03-06 15:33:35] judge.INFO: 更新状态成功 [] []
[2019-03-06 15:33:35] judge.INFO: 获取用户代码信息,id=2613 [] []
[2019-03-06 15:33:36] judge.INFO: 获取题目,id=279 [] []
[2019-03-06 15:33:36] judge.INFO: 获取用户代码,id=2613 [] []
[2019-03-06 15:33:37] judge.INFO: 评测机更新结果,id=2613 [] []
[2019-03-06 15:33:37] judge.INFO: 更新用户代码,id=2613 [] []
[2019-03-06 15:33:37] judge.INFO: 获取测试数据组数,id=279 [] []
[2019-03-06 15:33:37] judge.INFO: 获取待评测队列 [] []
[2019-03-06 15:33:37] judge.INFO: 更新状态成功 [] []
[2019-03-06 15:33:38] judge.INFO: 获取用户代码信息,id=2613 [] []
[2019-03-06 15:33:38] judge.INFO: 获取题目,id=279 [] []
[2019-03-06 15:33:38] judge.INFO: 获取用户代码,id=2613 [] []
[2019-03-06 15:33:39] judge.INFO: 评测机更新结果,id=2613 [] []
[2019-03-06 15:33:39] judge.INFO: 更新用户代码,id=2613 [] []
[2019-03-06 15:33:39] judge.INFO: 获取测试数据组数,id=279 [] []
[2019-03-06 15:33:39] judge.INFO: 获取待评测队列 [] []
[2019-03-06 15:33:40] judge.INFO: 更新状态成功 [] []
[2019-03-06 15:33:40] judge.INFO: 获取用户代码信息,id=2613 [] []
[2019-03-06 15:33:40] judge.INFO: 获取题目,id=279 [] []
[2019-03-06 15:33:40] judge.INFO: 获取用户代码,id=2613 [] []
[2019-03-06 15:33:41] judge.INFO: 评测机更新结果,id=2613 [] []
[2019-03-06 15:33:41] judge.INFO: 更新用户代码,id=2613 [] []
[2019-03-06 15:33:41] judge.INFO: 获取测试数据组数,id=279 [] []
[2019-03-06 15:33:41] judge.INFO: 获取待评测队列 [] []
[2019-03-06 15:33:42] judge.INFO: 更新状态成功 [] []
[2019-03-06 15:33:42] judge.INFO: 获取用户代码信息,id=2613 [] []
[2019-03-06 15:33:42] judge.INFO: 获取题目,id=279 [] []
[2019-03-06 15:33:42] judge.INFO: 获取用户代码,id=2613 [] []
[2019-03-06 15:33:43] judge.INFO: 评测机更新结果,id=2613 [] []
[2019-03-06 15:33:43] judge.INFO: 更新用户代码,id=2613 [] []
[2019-03-06 15:33:43] judge.INFO: 获取测试数据组数,id=279 [] []
[2019-03-06 15:33:44] judge.INFO: 获取待评测队列 [] []
[2019-03-06 15:33:44] judge.INFO: 更新状态成功 [] []
[2019-03-06 15:33:44] judge.INFO: 获取用户代码信息,id=2613 [] []
[2019-03-06 15:33:44] judge.INFO: 获取题目,id=279 [] []
[2019-03-06 15:33:45] judge.INFO: 获取用户代码,id=2613 [] []
[2019-03-06 15:33:45] judge.INFO: 评测机更新结果,id=2613 [] []
[2019-03-06 15:33:45] judge.INFO: 更新用户代码,id=2613 [] []
[2019-03-06 15:33:46] judge.INFO: 获取测试数据组数,id=279 [] []
[2019-03-06 15:33:46] judge.INFO: 获取待评测队列 [] []
